# JRE version: OpenJDK Runtime Environment (8.0_242-b01) (build 1.8.0_242-release-1644-b01)
# Java VM: OpenJDK 64-Bit Server VM (25.242-b01 mixed mode windows-amd64 compressed oops)
Heap:
 PSYoungGen      total 170496K, used 15815K [0x00000000e0000000, 0x00000000ece80000, 0x0000000100000000)
  eden space 144896K, 10% used [0x00000000e0000000,0x00000000e0f71ee8,0x00000000e8d80000)
  from space 25600K, 0% used [0x00000000e8d80000,0x00000000e8d80000,0x00000000ea680000)
  to   space 24576K, 0% used [0x00000000eb680000,0x00000000eb680000,0x00000000ece80000)
 ParOldGen       total 216064K, used 59549K [0x00000000a0000000, 0x00000000ad300000, 0x00000000e0000000)
  object space 216064K, 27% used [0x00000000a0000000,0x00000000a3a27748,0x00000000ad300000)
 Metaspace       used 94792K, capacity 98443K, committed 98904K, reserved 1138688K
  class space    used 12275K, capacity 13038K, committed 13184K, reserved 1048576K
GC Heap History (10 events):
Event: 102.631 GC heap before
{Heap before GC invocations=21 (full 3):
 PSYoungGen      total 144896K, used 144871K [0x00000000e0000000, 0x00000000ead80000, 0x0000000100000000)
  eden space 127488K, 100% used [0x00000000e0000000,0x00000000e7c80000,0x00000000e7c80000)
  from space 17408K, 99% used [0x00000000e7c80000,0x00000000e8d79db0,0x00000000e8d80000)
  to   space 19968K, 0% used [0x00000000e9a00000,0x00000000e9a00000,0x00000000ead80000)
 ParOldGen       total 144896K, used 34114K [0x00000000a0000000, 0x00000000a8d80000, 0x00000000e0000000)
  object space 144896K, 23% used [0x00000000a0000000,0x00000000a2150ab8,0x00000000a8d80000)
 Metaspace       used 74577K, capacity 77225K, committed 77528K, reserved 1116160K
  class space    used 9831K, capacity 10423K, committed 10496K, reserved 1048576K
Event: 102.656 GC heap after
Heap after GC invocations=21 (full 3):
 PSYoungGen      total 156672K, used 14886K [0x00000000e0000000, 0x00000000eb400000, 0x0000000100000000)
  eden space 136704K, 0% used [0x00000000e0000000,0x00000000e0000000,0x00000000e8580000)
  from space 19968K, 74% used [0x00000000e9a00000,0x00000000ea889960,0x00000000ead80000)
  to   space 20992K, 0% used [0x00000000e8580000,0x00000000e8580000,0x00000000e9a00000)
 ParOldGen       total 144896K, used 45557K [0x00000000a0000000, 0x00000000a8d80000, 0x00000000e0000000)
  object space 144896K, 31% used [0x00000000a0000000,0x00000000a2c7d4e8,0x00000000a8d80000)
 Metaspace       used 74577K, capacity 77225K, committed 77528K, reserved 1116160K
  class space    used 9831K, capacity 10423K, committed 10496K, reserved 1048576K
}
Event: 128.052 GC heap before
{Heap before GC invocations=22 (full 3):
 PSYoungGen      total 156672K, used 151590K [0x00000000e0000000, 0x00000000eb400000, 0x0000000100000000)
  eden space 136704K, 100% used [0x00000000e0000000,0x00000000e8580000,0x00000000e8580000)
  from space 19968K, 74% used [0x00000000e9a00000,0x00000000ea889960,0x00000000ead80000)
  to   space 20992K, 0% used [0x00000000e8580000,0x00000000e8580000,0x00000000e9a00000)
 ParOldGen       total 144896K, used 45557K [0x00000000a0000000, 0x00000000a8d80000, 0x00000000e0000000)
  object space 144896K, 31% used [0x00000000a0000000,0x00000000a2c7d4e8,0x00000000a8d80000)
 Metaspace       used 81170K, capacity 83993K, committed 84184K, reserved 1122304K
  class space    used 10628K, capacity 11239K, committed 11264K, reserved 1048576K
Event: 128.066 GC heap after
Heap after GC invocations=22 (full 3):
 PSYoungGen      total 157696K, used 13158K [0x00000000e0000000, 0x00000000ebb00000, 0x0000000100000000)
  eden space 136704K, 0% used [0x00000000e0000000,0x00000000e0000000,0x00000000e8580000)
  from space 20992K, 62% used [0x00000000e8580000,0x00000000e9259958,0x00000000e9a00000)
  to   space 20992K, 0% used [0x00000000ea680000,0x00000000ea680000,0x00000000ebb00000)
 ParOldGen       total 144896K, used 45565K [0x00000000a0000000, 0x00000000a8d80000, 0x00000000e0000000)
  object space 144896K, 31% used [0x00000000a0000000,0x00000000a2c7f4e8,0x00000000a8d80000)
 Metaspace       used 81170K, capacity 83993K, committed 84184K, reserved 1122304K
  class space    used 10628K, capacity 11239K, committed 11264K, reserved 1048576K
}
Event: 141.113 GC heap before
{Heap before GC invocations=23 (full 3):
 PSYoungGen      total 157696K, used 149862K [0x00000000e0000000, 0x00000000ebb00000, 0x0000000100000000)
  eden space 136704K, 100% used [0x00000000e0000000,0x00000000e8580000,0x00000000e8580000)
  from space 20992K, 62% used [0x00000000e8580000,0x00000000e9259958,0x00000000e9a00000)
  to   space 20992K, 0% used [0x00000000ea680000,0x00000000ea680000,0x00000000ebb00000)
 ParOldGen       total 144896K, used 45565K [0x00000000a0000000, 0x00000000a8d80000, 0x00000000e0000000)
  object space 144896K, 31% used [0x00000000a0000000,0x00000000a2c7f4e8,0x00000000a8d80000)
 Metaspace       used 93257K, capacity 96723K, committed 96856K, reserved 1132544K
  class space    used 12143K, capacity 12896K, committed 12928K, reserved 1048576K
Event: 141.171 GC heap after
Heap after GC invocations=23 (full 3):
 PSYoungGen      total 165888K, used 20965K [0x00000000e0000000, 0x00000000ec380000, 0x0000000100000000)
  eden space 144896K, 0% used [0x00000000e0000000,0x00000000e0000000,0x00000000e8d80000)
  from space 20992K, 99% used [0x00000000ea680000,0x00000000ebaf9558,0x00000000ebb00000)
  to   space 25600K, 0% used [0x00000000e8d80000,0x00000000e8d80000,0x00000000ea680000)
 ParOldGen       total 144896K, used 51044K [0x00000000a0000000, 0x00000000a8d80000, 0x00000000e0000000)
  object space 144896K, 35% used [0x00000000a0000000,0x00000000a31d9130,0x00000000a8d80000)
 Metaspace       used 93257K, capacity 96723K, committed 96856K, reserved 1132544K
  class space    used 12143K, capacity 12896K, committed 12928K, reserved 1048576K
}
Event: 143.041 GC heap before
{Heap before GC invocations=24 (full 3):
 PSYoungGen      total 165888K, used 76113K [0x00000000e0000000, 0x00000000ec380000, 0x0000000100000000)
  eden space 144896K, 38% used [0x00000000e0000000,0x00000000e35db0d8,0x00000000e8d80000)
  from space 20992K, 99% used [0x00000000ea680000,0x00000000ebaf9558,0x00000000ebb00000)
  to   space 25600K, 0% used [0x00000000e8d80000,0x00000000e8d80000,0x00000000ea680000)
 ParOldGen       total 144896K, used 51044K [0x00000000a0000000, 0x00000000a8d80000, 0x00000000e0000000)
  object space 144896K, 35% used [0x00000000a0000000,0x00000000a31d9130,0x00000000a8d80000)
 Metaspace       used 94642K, capacity 98183K, committed 98264K, reserved 1134592K
  class space    used 12283K, capacity 13034K, committed 13056K, reserved 1048576K
Event: 143.068 GC heap after
Heap after GC invocations=24 (full 3):
 PSYoungGen      total 170496K, used 12233K [0x00000000e0000000, 0x00000000ece80000, 0x0000000100000000)
  eden space 144896K, 0% used [0x00000000e0000000,0x00000000e0000000,0x00000000e8d80000)
  from space 25600K, 47% used [0x00000000e8d80000,0x00000000e9972728,0x00000000ea680000)
  to   space 24576K, 0% used [0x00000000eb680000,0x00000000eb680000,0x00000000ece80000)
 ParOldGen       total 144896K, used 60284K [0x00000000a0000000, 0x00000000a8d80000, 0x00000000e0000000)
  object space 144896K, 41% used [0x00000000a0000000,0x00000000a3adf3b0,0x00000000a8d80000)
 Metaspace       used 94642K, capacity 98183K, committed 98264K, reserved 1134592K
  class space    used 12283K, capacity 13034K, committed 13056K, reserved 1048576K
}
Event: 143.068 GC heap before
{Heap before GC invocations=25 (full 4):
 PSYoungGen      total 170496K, used 12233K [0x00000000e0000000, 0x00000000ece80000, 0x0000000100000000)
  eden space 144896K, 0% used [0x00000000e0000000,0x00000000e0000000,0x00000000e8d80000)
  from space 25600K, 47% used [0x00000000e8d80000,0x00000000e9972728,0x00000000ea680000)
  to   space 24576K, 0% used [0x00000000eb680000,0x00000000eb680000,0x00000000ece80000)
 ParOldGen       total 144896K, used 60284K [0x00000000a0000000, 0x00000000a8d80000, 0x00000000e0000000)
  object space 144896K, 41% used [0x00000000a0000000,0x00000000a3adf3b0,0x00000000a8d80000)
 Metaspace       used 94642K, capacity 98183K, committed 98264K, reserved 1134592K
  class space    used 12283K, capacity 13034K, committed 13056K, reserved 1048576K
Event: 143.372 GC heap after
Heap after GC invocations=25 (full 4):
 PSYoungGen      total 170496K, used 0K [0x00000000e0000000, 0x00000000ece80000, 0x0000000100000000)
  eden space 144896K, 0% used [0x00000000e0000000,0x00000000e0000000,0x00000000e8d80000)
  from space 25600K, 0% used [0x00000000e8d80000,0x00000000e8d80000,0x00000000ea680000)
  to   space 24576K, 0% used [0x00000000eb680000,0x00000000eb680000,0x00000000ece80000)
 ParOldGen       total 216064K, used 59549K [0x00000000a0000000, 0x00000000ad300000, 0x00000000e0000000)
  object space 216064K, 27% used [0x00000000a0000000,0x00000000a3a27748,0x00000000ad300000)
 Metaspace       used 94427K, capacity 97647K, committed 98264K, reserved 1134592K
  class space    used 12207K, capacity 12902K, committed 13056K, reserved 1048576K
}

